{"timestamp": "2025-12-11 18:07:37,957", "level": "INFO", "message": "Starting Enhanced DNS HoneyResolver...", "logger": "__main__", "process_id": 6896, "thread_id": 14128, "filename": "HoneyResolver_Enhanced.py", "lineno": 189}
{"timestamp": "2025-12-11 18:07:38,099", "level": "INFO", "message": "Initialized HoneyResolver for domain", "logger": "__main__", "process_id": 6896, "thread_id": 14128, "filename": "HoneyResolver_Enhanced.py", "lineno": 126, "domain": "example.com"}
{"timestamp": "2025-12-11 18:07:38,102", "level": "INFO", "message": "Honeypot running for 5 seconds in test mode...", "logger": "__main__", "process_id": 6896, "thread_id": 14128, "filename": "HoneyResolver_Enhanced.py", "lineno": 204}
{"timestamp": "2025-12-11 18:07:38,106", "level": "INFO", "message": "Health check server running on port 8000", "logger": "__main__", "process_id": 6896, "thread_id": 19160, "filename": "HoneyResolver_Enhanced.py", "lineno": 118}
{"timestamp": "2025-12-11 18:07:43,194", "level": "INFO", "message": "Honeypot test duration expired. Shutting down.", "logger": "__main__", "process_id": 6896, "thread_id": 14128, "filename": "HoneyResolver_Enhanced.py", "lineno": 208}{"timestamp": "2026-01-08 02:14:44,164", "level": "INFO", "message": "Initialized HoneyResolver for domain", "logger": "defense.HoneyResolver_Enhanced", "process_id": 4760, "thread_id": 24652, "filename": "HoneyResolver_Enhanced.py", "lineno": 142}
{"timestamp": "2026-01-08 02:14:44,170", "level": "INFO", "message": "Initialized HoneyResolver for domain", "logger": "defense.HoneyResolver_Enhanced", "process_id": 4760, "thread_id": 24652, "filename": "HoneyResolver_Enhanced.py", "lineno": 142}
{"timestamp": "2026-01-08 02:14:44,175", "level": "INFO", "message": "Initialized HoneyResolver for domain", "logger": "defense.HoneyResolver_Enhanced", "process_id": 4760, "thread_id": 24652, "filename": "HoneyResolver_Enhanced.py", "lineno": 142}
{"timestamp": "2026-01-08 02:21:12,380", "level": "INFO", "message": "Initialized HoneyResolver for domain", "logger": "defense.HoneyResolver_Enhanced", "process_id": 23712, "thread_id": 7340, "filename": "HoneyResolver_Enhanced.py", "lineno": 142}
{"timestamp": "2026-01-08 02:21:12,388", "level": "INFO", "message": "Initialized HoneyResolver for domain", "logger": "defense.HoneyResolver_Enhanced", "process_id": 23712, "thread_id": 7340, "filename": "HoneyResolver_Enhanced.py", "lineno": 142}
{"timestamp": "2026-01-08 02:21:12,395", "level": "INFO", "message": "Initialized HoneyResolver for domain", "logger": "defense.HoneyResolver_Enhanced", "process_id": 23712, "thread_id": 7340, "filename": "HoneyResolver_Enhanced.py", "lineno": 142}
{"timestamp": "2026-01-08 02:22:16,520", "level": "INFO", "message": "Initialized HoneyResolver for domain", "logger": "defense.HoneyResolver_Enhanced", "process_id": 9008, "thread_id": 8152, "filename": "HoneyResolver_Enhanced.py", "lineno": 142}
{"timestamp": "2026-01-08 02:22:16,526", "level": "INFO", "message": "Initialized HoneyResolver for domain", "logger": "defense.HoneyResolver_Enhanced", "process_id": 9008, "thread_id": 8152, "filename": "HoneyResolver_Enhanced.py", "lineno": 142}
{"timestamp": "2026-01-08 02:22:16,532", "level": "INFO", "message": "Initialized HoneyResolver for domain", "logger": "defense.HoneyResolver_Enhanced", "process_id": 9008, "thread_id": 8152, "filename": "HoneyResolver_Enhanced.py", "lineno": 142}
{"timestamp": "2026-01-08 02:23:35,659", "level": "INFO", "message": "Initialized HoneyResolver for domain", "logger": "defense.HoneyResolver_Enhanced", "process_id": 24436, "thread_id": 20808, "filename": "HoneyResolver_Enhanced.py", "lineno": 142}
{"timestamp": "2026-01-08 02:23:35,663", "level": "INFO", "message": "Initialized HoneyResolver for domain", "logger": "defense.HoneyResolver_Enhanced", "process_id": 24436, "thread_id": 20808, "filename": "HoneyResolver_Enhanced.py", "lineno": 142}
{"timestamp": "2026-01-08 02:23:35,667", "level": "INFO", "message": "Initialized HoneyResolver for domain", "logger": "defense.HoneyResolver_Enhanced", "process_id": 24436, "thread_id": 20808, "filename": "HoneyResolver_Enhanced.py", "lineno": 142}
{"timestamp": "2026-01-08 02:25:10,508", "level": "INFO", "message": "Initialized HoneyResolver for domain", "logger": "defense.HoneyResolver_Enhanced", "process_id": 23176, "thread_id": 25316, "filename": "HoneyResolver_Enhanced.py", "lineno": 142}
{"timestamp": "2026-01-08 02:25:10,513", "level": "INFO", "message": "Initialized HoneyResolver for domain", "logger": "defense.HoneyResolver_Enhanced", "process_id": 23176, "thread_id": 25316, "filename": "HoneyResolver_Enhanced.py", "lineno": 142}
{"timestamp": "2026-01-08 02:25:10,518", "level": "INFO", "message": "Initialized HoneyResolver for domain", "logger": "defense.HoneyResolver_Enhanced", "process_id": 23176, "thread_id": 25316, "filename": "HoneyResolver_Enhanced.py", "lineno": 142}
{"timestamp": "2026-01-08 02:30:53,514", "level": "INFO", "message": "Initialized HoneyResolver for domain", "logger": "defense.HoneyResolver_Enhanced", "process_id": 14312, "thread_id": 23088, "filename": "HoneyResolver_Enhanced.py", "lineno": 142}
{"timestamp": "2026-01-08 02:30:53,519", "level": "INFO", "message": "Initialized HoneyResolver for domain", "logger": "defense.HoneyResolver_Enhanced", "process_id": 14312, "thread_id": 23088, "filename": "HoneyResolver_Enhanced.py", "lineno": 142}
{"timestamp": "2026-01-08 02:30:53,524", "level": "INFO", "message": "Initialized HoneyResolver for domain", "logger": "defense.HoneyResolver_Enhanced", "process_id": 14312, "thread_id": 23088, "filename": "HoneyResolver_Enhanced.py", "lineno": 142}
{"timestamp": "2026-01-10 21:45:46,358", "level": "INFO", "message": "Initialized HoneyResolver for domain", "logger": "defense.HoneyResolver_Enhanced", "process_id": 30696, "thread_id": 5980, "filename": "HoneyResolver_Enhanced.py", "lineno": 142}
{"timestamp": "2026-01-10 21:45:46,363", "level": "INFO", "message": "Initialized HoneyResolver for domain", "logger": "defense.HoneyResolver_Enhanced", "process_id": 30696, "thread_id": 5980, "filename": "HoneyResolver_Enhanced.py", "lineno": 142}
{"timestamp": "2026-01-10 21:45:46,368", "level": "INFO", "message": "Initialized HoneyResolver for domain", "logger": "defense.HoneyResolver_Enhanced", "process_id": 30696, "thread_id": 5980, "filename": "HoneyResolver_Enhanced.py", "lineno": 142}
{"timestamp": "2026-01-10 23:53:25,687", "level": "INFO", "message": "Initialized HoneyResolver for domain", "logger": "defense.HoneyResolver_Enhanced", "process_id": 22908, "thread_id": 11440, "filename": "HoneyResolver_Enhanced.py", "lineno": 142}
{"timestamp": "2026-01-10 23:53:25,694", "level": "INFO", "message": "Initialized HoneyResolver for domain", "logger": "defense.HoneyResolver_Enhanced", "process_id": 22908, "thread_id": 11440, "filename": "HoneyResolver_Enhanced.py", "lineno": 142}
{"timestamp": "2026-01-10 23:53:25,700", "level": "INFO", "message": "Initialized HoneyResolver for domain", "logger": "defense.HoneyResolver_Enhanced", "process_id": 22908, "thread_id": 11440, "filename": "HoneyResolver_Enhanced.py", "lineno": 142}
{"timestamp": "2026-01-10 23:57:38,659", "level": "INFO", "message": "Initialized HoneyResolver for domain", "logger": "defense.HoneyResolver_Enhanced", "process_id": 16352, "thread_id": 23664, "filename": "HoneyResolver_Enhanced.py", "lineno": 142}
{"timestamp": "2026-01-10 23:57:38,665", "level": "INFO", "message": "Initialized HoneyResolver for domain", "logger": "defense.HoneyResolver_Enhanced", "process_id": 16352, "thread_id": 23664, "filename": "HoneyResolver_Enhanced.py", "lineno": 142}
{"timestamp": "2026-01-10 23:57:38,668", "level": "INFO", "message": "Initialized HoneyResolver for domain", "logger": "defense.HoneyResolver_Enhanced", "process_id": 16352, "thread_id": 23664, "filename": "HoneyResolver_Enhanced.py", "lineno": 142}
{"timestamp": "2026-01-11 00:00:14,101", "level": "INFO", "message": "Initialized HoneyResolver for domain", "logger": "defense.HoneyResolver_Enhanced", "process_id": 17344, "thread_id": 32576, "filename": "HoneyResolver_Enhanced.py", "lineno": 142}
{"timestamp": "2026-01-11 00:00:14,112", "level": "INFO", "message": "Initialized HoneyResolver for domain", "logger": "defense.HoneyResolver_Enhanced", "process_id": 17344, "thread_id": 32576, "filename": "HoneyResolver_Enhanced.py", "lineno": 142}
{"timestamp": "2026-01-11 00:00:14,122", "level": "INFO", "message": "Initialized HoneyResolver for domain", "logger": "defense.HoneyResolver_Enhanced", "process_id": 17344, "thread_id": 32576, "filename": "HoneyResolver_Enhanced.py", "lineno": 142}
{"timestamp": "2026-01-11 00:02:02,960", "level": "INFO", "message": "Initialized HoneyResolver for domain", "logger": "defense.HoneyResolver_Enhanced", "process_id": 19880, "thread_id": 20472, "filename": "HoneyResolver_Enhanced.py", "lineno": 142}
{"timestamp": "2026-01-11 00:02:02,967", "level": "INFO", "message": "Initialized HoneyResolver for domain", "logger": "defense.HoneyResolver_Enhanced", "process_id": 19880, "thread_id": 20472, "filename": "HoneyResolver_Enhanced.py", "lineno": 142}
{"timestamp": "2026-01-11 00:02:02,975", "level": "INFO", "message": "Initialized HoneyResolver for domain", "logger": "defense.HoneyResolver_Enhanced", "process_id": 19880, "thread_id": 20472, "filename": "HoneyResolver_Enhanced.py", "lineno": 142}
{"timestamp": "2026-01-11 00:05:05,534", "level": "INFO", "message": "Initialized HoneyResolver for domain", "logger": "defense.HoneyResolver_Enhanced", "process_id": 26800, "thread_id": 18380, "filename": "HoneyResolver_Enhanced.py", "lineno": 142}
{"timestamp": "2026-01-11 00:05:05,537", "level": "INFO", "message": "Initialized HoneyResolver for domain", "logger": "defense.HoneyResolver_Enhanced", "process_id": 26800, "thread_id": 18380, "filename": "HoneyResolver_Enhanced.py", "lineno": 142}
{"timestamp": "2026-01-11 00:05:05,541", "level": "INFO", "message": "Initialized HoneyResolver for domain", "logger": "defense.HoneyResolver_Enhanced", "process_id": 26800, "thread_id": 18380, "filename": "HoneyResolver_Enhanced.py", "lineno": 142}
{"timestamp": "2026-01-11 00:08:03,185", "level": "INFO", "message": "Initialized HoneyResolver for domain", "logger": "defense.HoneyResolver_Enhanced", "process_id": 19564, "thread_id": 25988, "filename": "HoneyResolver_Enhanced.py", "lineno": 142}
{"timestamp": "2026-01-11 00:08:03,189", "level": "INFO", "message": "Initialized HoneyResolver for domain", "logger": "defense.HoneyResolver_Enhanced", "process_id": 19564, "thread_id": 25988, "filename": "HoneyResolver_Enhanced.py", "lineno": 142}
{"timestamp": "2026-01-11 00:08:03,193", "level": "INFO", "message": "Initialized HoneyResolver for domain", "logger": "defense.HoneyResolver_Enhanced", "process_id": 19564, "thread_id": 25988, "filename": "HoneyResolver_Enhanced.py", "lineno": 142}
{"timestamp": "2026-01-11 00:12:48,131", "level": "INFO", "message": "Initialized HoneyResolver for domain", "logger": "defense.HoneyResolver_Enhanced", "process_id": 30084, "thread_id": 26268, "filename": "HoneyResolver_Enhanced.py", "lineno": 142}
{"timestamp": "2026-01-11 00:12:48,142", "level": "INFO", "message": "Initialized HoneyResolver for domain", "logger": "defense.HoneyResolver_Enhanced", "process_id": 30084, "thread_id": 26268, "filename": "HoneyResolver_Enhanced.py", "lineno": 142}
{"timestamp": "2026-01-11 00:12:48,151", "level": "INFO", "message": "Initialized HoneyResolver for domain", "logger": "defense.HoneyResolver_Enhanced", "process_id": 30084, "thread_id": 26268, "filename": "HoneyResolver_Enhanced.py", "lineno": 142}
{"timestamp": "2026-01-11 00:15:31,238", "level": "INFO", "message": "Initialized HoneyResolver for domain", "logger": "defense.HoneyResolver_Enhanced", "process_id": 20396, "thread_id": 28740, "filename": "HoneyResolver_Enhanced.py", "lineno": 142}
{"timestamp": "2026-01-11 00:15:31,243", "level": "INFO", "message": "Initialized HoneyResolver for domain", "logger": "defense.HoneyResolver_Enhanced", "process_id": 20396, "thread_id": 28740, "filename": "HoneyResolver_Enhanced.py", "lineno": 142}
{"timestamp": "2026-01-11 00:15:31,247", "level": "INFO", "message": "Initialized HoneyResolver for domain", "logger": "defense.HoneyResolver_Enhanced", "process_id": 20396, "thread_id": 28740, "filename": "HoneyResolver_Enhanced.py", "lineno": 142}
{"timestamp": "2026-01-11 00:17:04,330", "level": "INFO", "message": "Initialized HoneyResolver for domain", "logger": "defense.HoneyResolver_Enhanced", "process_id": 5480, "thread_id": 3012, "filename": "HoneyResolver_Enhanced.py", "lineno": 142}
{"timestamp": "2026-01-11 00:17:04,334", "level": "INFO", "message": "Initialized HoneyResolver for domain", "logger": "defense.HoneyResolver_Enhanced", "process_id": 5480, "thread_id": 3012, "filename": "HoneyResolver_Enhanced.py", "lineno": 142}
{"timestamp": "2026-01-11 00:17:04,337", "level": "INFO", "message": "Initialized HoneyResolver for domain", "logger": "defense.HoneyResolver_Enhanced", "process_id": 5480, "thread_id": 3012, "filename": "HoneyResolver_Enhanced.py", "lineno": 142}
{"timestamp": "2026-01-11 00:19:23,622", "level": "INFO", "message": "Initialized HoneyResolver for domain", "logger": "defense.HoneyResolver_Enhanced", "process_id": 26996, "thread_id": 4296, "filename": "HoneyResolver_Enhanced.py", "lineno": 142}
{"timestamp": "2026-01-11 00:19:23,629", "level": "INFO", "message": "Initialized HoneyResolver for domain", "logger": "defense.HoneyResolver_Enhanced", "process_id": 26996, "thread_id": 4296, "filename": "HoneyResolver_Enhanced.py", "lineno": 142}
{"timestamp": "2026-01-11 00:19:23,634", "level": "INFO", "message": "Initialized HoneyResolver for domain", "logger": "defense.HoneyResolver_Enhanced", "process_id": 26996, "thread_id": 4296, "filename": "HoneyResolver_Enhanced.py", "lineno": 142}
{"timestamp": "2026-01-11 00:22:44,298", "level": "INFO", "message": "Initialized HoneyResolver for domain", "logger": "defense.HoneyResolver_Enhanced", "process_id": 32164, "thread_id": 22976, "filename": "HoneyResolver_Enhanced.py", "lineno": 142}
{"timestamp": "2026-01-11 00:22:44,313", "level": "INFO", "message": "Initialized HoneyResolver for domain", "logger": "defense.HoneyResolver_Enhanced", "process_id": 32164, "thread_id": 22976, "filename": "HoneyResolver_Enhanced.py", "lineno": 142}
{"timestamp": "2026-01-11 00:22:44,329", "level": "INFO", "message": "Initialized HoneyResolver for domain", "logger": "defense.HoneyResolver_Enhanced", "process_id": 32164, "thread_id": 22976, "filename": "HoneyResolver_Enhanced.py", "lineno": 142}
{"timestamp": "2026-01-11 00:25:38,126", "level": "INFO", "message": "Initialized HoneyResolver for domain", "logger": "defense.HoneyResolver_Enhanced", "process_id": 24804, "thread_id": 10916, "filename": "HoneyResolver_Enhanced.py", "lineno": 142}
{"timestamp": "2026-01-11 00:25:38,135", "level": "INFO", "message": "Initialized HoneyResolver for domain", "logger": "defense.HoneyResolver_Enhanced", "process_id": 24804, "thread_id": 10916, "filename": "HoneyResolver_Enhanced.py", "lineno": 142}
{"timestamp": "2026-01-11 00:25:38,147", "level": "INFO", "message": "Initialized HoneyResolver for domain", "logger": "defense.HoneyResolver_Enhanced", "process_id": 24804, "thread_id": 10916, "filename": "HoneyResolver_Enhanced.py", "lineno": 142}
{"timestamp": "2026-01-11 00:27:57,247", "level": "INFO", "message": "Initialized HoneyResolver for domain", "logger": "defense.HoneyResolver_Enhanced", "process_id": 17568, "thread_id": 1724, "filename": "HoneyResolver_Enhanced.py", "lineno": 142}
{"timestamp": "2026-01-11 00:27:57,250", "level": "INFO", "message": "Initialized HoneyResolver for domain", "logger": "defense.HoneyResolver_Enhanced", "process_id": 17568, "thread_id": 1724, "filename": "HoneyResolver_Enhanced.py", "lineno": 142}
{"timestamp": "2026-01-11 00:27:57,252", "level": "INFO", "message": "Initialized HoneyResolver for domain", "logger": "defense.HoneyResolver_Enhanced", "process_id": 17568, "thread_id": 1724, "filename": "HoneyResolver_Enhanced.py", "lineno": 142}
{"timestamp": "2026-01-11 00:29:56,268", "level": "INFO", "message": "Initialized HoneyResolver for domain", "logger": "defense.HoneyResolver_Enhanced", "process_id": 26492, "thread_id": 10552, "filename": "HoneyResolver_Enhanced.py", "lineno": 142}
{"timestamp": "2026-01-11 00:29:56,272", "level": "INFO", "message": "Initialized HoneyResolver for domain", "logger": "defense.HoneyResolver_Enhanced", "process_id": 26492, "thread_id": 10552, "filename": "HoneyResolver_Enhanced.py", "lineno": 142}
{"timestamp": "2026-01-11 00:29:56,275", "level": "INFO", "message": "Initialized HoneyResolver for domain", "logger": "defense.HoneyResolver_Enhanced", "process_id": 26492, "thread_id": 10552, "filename": "HoneyResolver_Enhanced.py", "lineno": 142}
{"timestamp": "2026-01-11 00:32:36,903", "level": "INFO", "message": "Initialized HoneyResolver for domain", "logger": "defense.HoneyResolver_Enhanced", "process_id": 24968, "thread_id": 12000, "filename": "HoneyResolver_Enhanced.py", "lineno": 142}
{"timestamp": "2026-01-11 00:32:36,909", "level": "INFO", "message": "Initialized HoneyResolver for domain", "logger": "defense.HoneyResolver_Enhanced", "process_id": 24968, "thread_id": 12000, "filename": "HoneyResolver_Enhanced.py", "lineno": 142}
{"timestamp": "2026-01-11 00:32:36,916", "level": "INFO", "message": "Initialized HoneyResolver for domain", "logger": "defense.HoneyResolver_Enhanced", "process_id": 24968, "thread_id": 12000, "filename": "HoneyResolver_Enhanced.py", "lineno": 142}
{"timestamp": "2026-01-11 00:34:01,688", "level": "INFO", "message": "Initialized HoneyResolver for domain", "logger": "defense.HoneyResolver_Enhanced", "process_id": 33080, "thread_id": 20880, "filename": "HoneyResolver_Enhanced.py", "lineno": 142}
{"timestamp": "2026-01-11 00:34:01,694", "level": "INFO", "message": "Initialized HoneyResolver for domain", "logger": "defense.HoneyResolver_Enhanced", "process_id": 33080, "thread_id": 20880, "filename": "HoneyResolver_Enhanced.py", "lineno": 142}
{"timestamp": "2026-01-11 00:34:01,701", "level": "INFO", "message": "Initialized HoneyResolver for domain", "logger": "defense.HoneyResolver_Enhanced", "process_id": 33080, "thread_id": 20880, "filename": "HoneyResolver_Enhanced.py", "lineno": 142}
{"timestamp": "2026-01-11 00:35:52,304", "level": "INFO", "message": "Initialized HoneyResolver for domain", "logger": "defense.HoneyResolver_Enhanced", "process_id": 26852, "thread_id": 20868, "filename": "HoneyResolver_Enhanced.py", "lineno": 142}
{"timestamp": "2026-01-11 00:35:52,312", "level": "INFO", "message": "Initialized HoneyResolver for domain", "logger": "defense.HoneyResolver_Enhanced", "process_id": 26852, "thread_id": 20868, "filename": "HoneyResolver_Enhanced.py", "lineno": 142}
{"timestamp": "2026-01-11 00:35:52,322", "level": "INFO", "message": "Initialized HoneyResolver for domain", "logger": "defense.HoneyResolver_Enhanced", "process_id": 26852, "thread_id": 20868, "filename": "HoneyResolver_Enhanced.py", "lineno": 142}
{"timestamp": "2026-01-11 00:37:56,147", "level": "INFO", "message": "Initialized HoneyResolver for domain", "logger": "defense.HoneyResolver_Enhanced", "process_id": 29588, "thread_id": 27256, "filename": "HoneyResolver_Enhanced.py", "lineno": 142}
{"timestamp": "2026-01-11 00:37:56,151", "level": "INFO", "message": "Initialized HoneyResolver for domain", "logger": "defense.HoneyResolver_Enhanced", "process_id": 29588, "thread_id": 27256, "filename": "HoneyResolver_Enhanced.py", "lineno": 142}
{"timestamp": "2026-01-11 00:37:56,156", "level": "INFO", "message": "Initialized HoneyResolver for domain", "logger": "defense.HoneyResolver_Enhanced", "process_id": 29588, "thread_id": 27256, "filename": "HoneyResolver_Enhanced.py", "lineno": 142}
{"timestamp": "2026-01-11 00:40:15,738", "level": "INFO", "message": "Initialized HoneyResolver for domain", "logger": "defense.HoneyResolver_Enhanced", "process_id": 23428, "thread_id": 8392, "filename": "HoneyResolver_Enhanced.py", "lineno": 142}
{"timestamp": "2026-01-11 00:40:15,745", "level": "INFO", "message": "Initialized HoneyResolver for domain", "logger": "defense.HoneyResolver_Enhanced", "process_id": 23428, "thread_id": 8392, "filename": "HoneyResolver_Enhanced.py", "lineno": 142}
{"timestamp": "2026-01-11 00:40:15,751", "level": "INFO", "message": "Initialized HoneyResolver for domain", "logger": "defense.HoneyResolver_Enhanced", "process_id": 23428, "thread_id": 8392, "filename": "HoneyResolver_Enhanced.py", "lineno": 142}
{"timestamp": "2026-01-11 00:41:58,202", "level": "INFO", "message": "Initialized HoneyResolver for domain", "logger": "defense.HoneyResolver_Enhanced", "process_id": 6356, "thread_id": 28044, "filename": "HoneyResolver_Enhanced.py", "lineno": 142}
{"timestamp": "2026-01-11 00:41:58,207", "level": "INFO", "message": "Initialized HoneyResolver for domain", "logger": "defense.HoneyResolver_Enhanced", "process_id": 6356, "thread_id": 28044, "filename": "HoneyResolver_Enhanced.py", "lineno": 142}
{"timestamp": "2026-01-11 00:41:58,213", "level": "INFO", "message": "Initialized HoneyResolver for domain", "logger": "defense.HoneyResolver_Enhanced", "process_id": 6356, "thread_id": 28044, "filename": "HoneyResolver_Enhanced.py", "lineno": 142}
{"timestamp": "2026-01-11 00:43:23,873", "level": "INFO", "message": "Initialized HoneyResolver for domain", "logger": "defense.HoneyResolver_Enhanced", "process_id": 25620, "thread_id": 26032, "filename": "HoneyResolver_Enhanced.py", "lineno": 142}
{"timestamp": "2026-01-11 00:43:23,882", "level": "INFO", "message": "Initialized HoneyResolver for domain", "logger": "defense.HoneyResolver_Enhanced", "process_id": 25620, "thread_id": 26032, "filename": "HoneyResolver_Enhanced.py", "lineno": 142}
{"timestamp": "2026-01-11 00:43:23,890", "level": "INFO", "message": "Initialized HoneyResolver for domain", "logger": "defense.HoneyResolver_Enhanced", "process_id": 25620, "thread_id": 26032, "filename": "HoneyResolver_Enhanced.py", "lineno": 142}
{"timestamp": "2026-01-11 00:44:52,723", "level": "INFO", "message": "Initialized HoneyResolver for domain", "logger": "defense.HoneyResolver_Enhanced", "process_id": 19824, "thread_id": 22744, "filename": "HoneyResolver_Enhanced.py", "lineno": 142}
{"timestamp": "2026-01-11 00:44:52,736", "level": "INFO", "message": "Initialized HoneyResolver for domain", "logger": "defense.HoneyResolver_Enhanced", "process_id": 19824, "thread_id": 22744, "filename": "HoneyResolver_Enhanced.py", "lineno": 142}
{"timestamp": "2026-01-11 00:44:52,744", "level": "INFO", "message": "Initialized HoneyResolver for domain", "logger": "defense.HoneyResolver_Enhanced", "process_id": 19824, "thread_id": 22744, "filename": "HoneyResolver_Enhanced.py", "lineno": 142}
{"timestamp": "2026-01-11 00:46:37,580", "level": "INFO", "message": "Initialized HoneyResolver for domain", "logger": "defense.HoneyResolver_Enhanced", "process_id": 20020, "thread_id": 18012, "filename": "HoneyResolver_Enhanced.py", "lineno": 142}
{"timestamp": "2026-01-11 00:46:37,584", "level": "INFO", "message": "Initialized HoneyResolver for domain", "logger": "defense.HoneyResolver_Enhanced", "process_id": 20020, "thread_id": 18012, "filename": "HoneyResolver_Enhanced.py", "lineno": 142}
{"timestamp": "2026-01-11 00:46:37,587", "level": "INFO", "message": "Initialized HoneyResolver for domain", "logger": "defense.HoneyResolver_Enhanced", "process_id": 20020, "thread_id": 18012, "filename": "HoneyResolver_Enhanced.py", "lineno": 142}
{"timestamp": "2026-01-11 00:48:25,353", "level": "INFO", "message": "Initialized HoneyResolver for domain", "logger": "defense.HoneyResolver_Enhanced", "process_id": 4020, "thread_id": 24580, "filename": "HoneyResolver_Enhanced.py", "lineno": 142}
{"timestamp": "2026-01-11 00:48:25,357", "level": "INFO", "message": "Initialized HoneyResolver for domain", "logger": "defense.HoneyResolver_Enhanced", "process_id": 4020, "thread_id": 24580, "filename": "HoneyResolver_Enhanced.py", "lineno": 142}
{"timestamp": "2026-01-11 00:48:25,362", "level": "INFO", "message": "Initialized HoneyResolver for domain", "logger": "defense.HoneyResolver_Enhanced", "process_id": 4020, "thread_id": 24580, "filename": "HoneyResolver_Enhanced.py", "lineno": 142}
{"timestamp": "2026-01-11 00:50:26,123", "level": "INFO", "message": "Initialized HoneyResolver for domain", "logger": "defense.HoneyResolver_Enhanced", "process_id": 24752, "thread_id": 28160, "filename": "HoneyResolver_Enhanced.py", "lineno": 142}
{"timestamp": "2026-01-11 00:50:26,133", "level": "INFO", "message": "Initialized HoneyResolver for domain", "logger": "defense.HoneyResolver_Enhanced", "process_id": 24752, "thread_id": 28160, "filename": "HoneyResolver_Enhanced.py", "lineno": 142}
{"timestamp": "2026-01-11 00:50:26,141", "level": "INFO", "message": "Initialized HoneyResolver for domain", "logger": "defense.HoneyResolver_Enhanced", "process_id": 24752, "thread_id": 28160, "filename": "HoneyResolver_Enhanced.py", "lineno": 142}
{"timestamp": "2026-01-11 00:52:20,126", "level": "INFO", "message": "Initialized HoneyResolver for domain", "logger": "defense.HoneyResolver_Enhanced", "process_id": 26232, "thread_id": 29428, "filename": "HoneyResolver_Enhanced.py", "lineno": 142}
{"timestamp": "2026-01-11 00:52:20,134", "level": "INFO", "message": "Initialized HoneyResolver for domain", "logger": "defense.HoneyResolver_Enhanced", "process_id": 26232, "thread_id": 29428, "filename": "HoneyResolver_Enhanced.py", "lineno": 142}
{"timestamp": "2026-01-11 00:52:20,144", "level": "INFO", "message": "Initialized HoneyResolver for domain", "logger": "defense.HoneyResolver_Enhanced", "process_id": 26232, "thread_id": 29428, "filename": "HoneyResolver_Enhanced.py", "lineno": 142}
{"timestamp": "2026-01-11 00:56:05,544", "level": "INFO", "message": "Initialized HoneyResolver for domain", "logger": "defense.HoneyResolver_Enhanced", "process_id": 31204, "thread_id": 4080, "filename": "HoneyResolver_Enhanced.py", "lineno": 142}
{"timestamp": "2026-01-11 00:56:05,550", "level": "INFO", "message": "Initialized HoneyResolver for domain", "logger": "defense.HoneyResolver_Enhanced", "process_id": 31204, "thread_id": 4080, "filename": "HoneyResolver_Enhanced.py", "lineno": 142}
{"timestamp": "2026-01-11 00:56:05,557", "level": "INFO", "message": "Initialized HoneyResolver for domain", "logger": "defense.HoneyResolver_Enhanced", "process_id": 31204, "thread_id": 4080, "filename": "HoneyResolver_Enhanced.py", "lineno": 142}
{"timestamp": "2026-01-11 00:57:49,232", "level": "INFO", "message": "Initialized HoneyResolver for domain", "logger": "defense.HoneyResolver_Enhanced", "process_id": 25860, "thread_id": 21512, "filename": "HoneyResolver_Enhanced.py", "lineno": 142}
{"timestamp": "2026-01-11 00:57:49,237", "level": "INFO", "message": "Initialized HoneyResolver for domain", "logger": "defense.HoneyResolver_Enhanced", "process_id": 25860, "thread_id": 21512, "filename": "HoneyResolver_Enhanced.py", "lineno": 142}
{"timestamp": "2026-01-11 00:57:49,243", "level": "INFO", "message": "Initialized HoneyResolver for domain", "logger": "defense.HoneyResolver_Enhanced", "process_id": 25860, "thread_id": 21512, "filename": "HoneyResolver_Enhanced.py", "lineno": 142}
{"timestamp": "2026-01-11 01:00:23,366", "level": "INFO", "message": "Initialized HoneyResolver for domain", "logger": "defense.HoneyResolver_Enhanced", "process_id": 27416, "thread_id": 22880, "filename": "HoneyResolver_Enhanced.py", "lineno": 142}
{"timestamp": "2026-01-11 01:00:23,377", "level": "INFO", "message": "Initialized HoneyResolver for domain", "logger": "defense.HoneyResolver_Enhanced", "process_id": 27416, "thread_id": 22880, "filename": "HoneyResolver_Enhanced.py", "lineno": 142}
{"timestamp": "2026-01-11 01:00:23,384", "level": "INFO", "message": "Initialized HoneyResolver for domain", "logger": "defense.HoneyResolver_Enhanced", "process_id": 27416, "thread_id": 22880, "filename": "HoneyResolver_Enhanced.py", "lineno": 142}
{"timestamp": "2026-01-11 01:02:00,670", "level": "INFO", "message": "Initialized HoneyResolver for domain", "logger": "defense.HoneyResolver_Enhanced", "process_id": 28324, "thread_id": 26952, "filename": "HoneyResolver_Enhanced.py", "lineno": 142}
{"timestamp": "2026-01-11 01:02:00,679", "level": "INFO", "message": "Initialized HoneyResolver for domain", "logger": "defense.HoneyResolver_Enhanced", "process_id": 28324, "thread_id": 26952, "filename": "HoneyResolver_Enhanced.py", "lineno": 142}
{"timestamp": "2026-01-11 01:02:00,689", "level": "INFO", "message": "Initialized HoneyResolver for domain", "logger": "defense.HoneyResolver_Enhanced", "process_id": 28324, "thread_id": 26952, "filename": "HoneyResolver_Enhanced.py", "lineno": 142}
{"timestamp": "2026-01-11 01:03:39,032", "level": "INFO", "message": "Initialized HoneyResolver for domain", "logger": "defense.HoneyResolver_Enhanced", "process_id": 22716, "thread_id": 10228, "filename": "HoneyResolver_Enhanced.py", "lineno": 142}
{"timestamp": "2026-01-11 01:03:39,042", "level": "INFO", "message": "Initialized HoneyResolver for domain", "logger": "defense.HoneyResolver_Enhanced", "process_id": 22716, "thread_id": 10228, "filename": "HoneyResolver_Enhanced.py", "lineno": 142}
{"timestamp": "2026-01-11 01:03:39,051", "level": "INFO", "message": "Initialized HoneyResolver for domain", "logger": "defense.HoneyResolver_Enhanced", "process_id": 22716, "thread_id": 10228, "filename": "HoneyResolver_Enhanced.py", "lineno": 142}
{"timestamp": "2026-01-11 01:05:16,147", "level": "INFO", "message": "Initialized HoneyResolver for domain", "logger": "defense.HoneyResolver_Enhanced", "process_id": 23752, "thread_id": 9352, "filename": "HoneyResolver_Enhanced.py", "lineno": 142}
{"timestamp": "2026-01-11 01:05:16,151", "level": "INFO", "message": "Initialized HoneyResolver for domain", "logger": "defense.HoneyResolver_Enhanced", "process_id": 23752, "thread_id": 9352, "filename": "HoneyResolver_Enhanced.py", "lineno": 142}
{"timestamp": "2026-01-11 01:05:16,156", "level": "INFO", "message": "Initialized HoneyResolver for domain", "logger": "defense.HoneyResolver_Enhanced", "process_id": 23752, "thread_id": 9352, "filename": "HoneyResolver_Enhanced.py", "lineno": 142}
{"timestamp": "2026-01-11 01:11:28,700", "level": "INFO", "message": "Initialized HoneyResolver for domain", "logger": "defense.HoneyResolver_Enhanced", "process_id": 5732, "thread_id": 30708, "filename": "HoneyResolver_Enhanced.py", "lineno": 142}
{"timestamp": "2026-01-11 01:11:28,704", "level": "INFO", "message": "Initialized HoneyResolver for domain", "logger": "defense.HoneyResolver_Enhanced", "process_id": 5732, "thread_id": 30708, "filename": "HoneyResolver_Enhanced.py", "lineno": 142}
{"timestamp": "2026-01-11 01:11:28,707", "level": "INFO", "message": "Initialized HoneyResolver for domain", "logger": "defense.HoneyResolver_Enhanced", "process_id": 5732, "thread_id": 30708, "filename": "HoneyResolver_Enhanced.py", "lineno": 142}
{"timestamp": "2026-01-11 01:13:56,891", "level": "INFO", "message": "Initialized HoneyResolver for domain", "logger": "defense.HoneyResolver_Enhanced", "process_id": 2632, "thread_id": 8980, "filename": "HoneyResolver_Enhanced.py", "lineno": 142}
{"timestamp": "2026-01-11 01:13:56,897", "level": "INFO", "message": "Initialized HoneyResolver for domain", "logger": "defense.HoneyResolver_Enhanced", "process_id": 2632, "thread_id": 8980, "filename": "HoneyResolver_Enhanced.py", "lineno": 142}
{"timestamp": "2026-01-11 01:13:56,902", "level": "INFO", "message": "Initialized HoneyResolver for domain", "logger": "defense.HoneyResolver_Enhanced", "process_id": 2632, "thread_id": 8980, "filename": "HoneyResolver_Enhanced.py", "lineno": 142}
{"timestamp": "2026-01-11 01:15:32,119", "level": "INFO", "message": "Initialized HoneyResolver for domain", "logger": "defense.HoneyResolver_Enhanced", "process_id": 31132, "thread_id": 13616, "filename": "HoneyResolver_Enhanced.py", "lineno": 142}
{"timestamp": "2026-01-11 01:15:32,123", "level": "INFO", "message": "Initialized HoneyResolver for domain", "logger": "defense.HoneyResolver_Enhanced", "process_id": 31132, "thread_id": 13616, "filename": "HoneyResolver_Enhanced.py", "lineno": 142}
{"timestamp": "2026-01-11 01:15:32,127", "level": "INFO", "message": "Initialized HoneyResolver for domain", "logger": "defense.HoneyResolver_Enhanced", "process_id": 31132, "thread_id": 13616, "filename": "HoneyResolver_Enhanced.py", "lineno": 142}
{"timestamp": "2026-01-11 01:17:17,701", "level": "INFO", "message": "Initialized HoneyResolver for domain", "logger": "defense.HoneyResolver_Enhanced", "process_id": 4356, "thread_id": 21748, "filename": "HoneyResolver_Enhanced.py", "lineno": 142}
{"timestamp": "2026-01-11 01:17:17,706", "level": "INFO", "message": "Initialized HoneyResolver for domain", "logger": "defense.HoneyResolver_Enhanced", "process_id": 4356, "thread_id": 21748, "filename": "HoneyResolver_Enhanced.py", "lineno": 142}
{"timestamp": "2026-01-11 01:17:17,714", "level": "INFO", "message": "Initialized HoneyResolver for domain", "logger": "defense.HoneyResolver_Enhanced", "process_id": 4356, "thread_id": 21748, "filename": "HoneyResolver_Enhanced.py", "lineno": 142}
{"timestamp": "2026-01-11 09:12:38,731", "level": "INFO", "message": "Initialized HoneyResolver for domain", "logger": "defense.HoneyResolver_Enhanced", "process_id": 19540, "thread_id": 25952, "filename": "HoneyResolver_Enhanced.py", "lineno": 142}
{"timestamp": "2026-01-11 09:12:38,741", "level": "INFO", "message": "Initialized HoneyResolver for domain", "logger": "defense.HoneyResolver_Enhanced", "process_id": 19540, "thread_id": 25952, "filename": "HoneyResolver_Enhanced.py", "lineno": 142}
{"timestamp": "2026-01-11 09:12:38,748", "level": "INFO", "message": "Initialized HoneyResolver for domain", "logger": "defense.HoneyResolver_Enhanced", "process_id": 19540, "thread_id": 25952, "filename": "HoneyResolver_Enhanced.py", "lineno": 142}
{"timestamp": "2026-01-11 09:31:43,282", "level": "INFO", "message": "Initialized HoneyResolver for domain", "logger": "src.defense.HoneyResolver_Enhanced", "process_id": 27416, "thread_id": 25064, "filename": "HoneyResolver_Enhanced.py", "lineno": 142}
{"timestamp": "2026-01-11 09:31:43,335", "level": "INFO", "message": "Initialized HoneyResolver for domain", "logger": "src.defense.HoneyResolver_Enhanced", "process_id": 27416, "thread_id": 25064, "filename": "HoneyResolver_Enhanced.py", "lineno": 142}
{"timestamp": "2026-01-11 09:31:43,389", "level": "INFO", "message": "Initialized HoneyResolver for domain", "logger": "src.defense.HoneyResolver_Enhanced", "process_id": 27416, "thread_id": 25064, "filename": "HoneyResolver_Enhanced.py", "lineno": 142}
{"timestamp": "2026-01-11 09:34:56,582", "level": "INFO", "message": "Initialized HoneyResolver for domain", "logger": "src.defense.HoneyResolver_Enhanced", "process_id": 33016, "thread_id": 13396, "filename": "HoneyResolver_Enhanced.py", "lineno": 142}
{"timestamp": "2026-01-11 09:34:56,695", "level": "INFO", "message": "Initialized HoneyResolver for domain", "logger": "src.defense.HoneyResolver_Enhanced", "process_id": 33016, "thread_id": 13396, "filename": "HoneyResolver_Enhanced.py", "lineno": 142}
{"timestamp": "2026-01-11 09:34:56,804", "level": "INFO", "message": "Initialized HoneyResolver for domain", "logger": "src.defense.HoneyResolver_Enhanced", "process_id": 33016, "thread_id": 13396, "filename": "HoneyResolver_Enhanced.py", "lineno": 142}
{"timestamp": "2026-01-11 09:42:26,109", "level": "INFO", "message": "Initialized HoneyResolver for domain", "logger": "src.defense.HoneyResolver_Enhanced", "process_id": 18164, "thread_id": 4656, "filename": "HoneyResolver_Enhanced.py", "lineno": 142}
{"timestamp": "2026-01-11 09:42:26,157", "level": "INFO", "message": "Initialized HoneyResolver for domain", "logger": "src.defense.HoneyResolver_Enhanced", "process_id": 18164, "thread_id": 4656, "filename": "HoneyResolver_Enhanced.py", "lineno": 142}
{"timestamp": "2026-01-11 09:42:26,189", "level": "INFO", "message": "Initialized HoneyResolver for domain", "logger": "src.defense.HoneyResolver_Enhanced", "process_id": 18164, "thread_id": 4656, "filename": "HoneyResolver_Enhanced.py", "lineno": 142}
{"timestamp": "2026-01-11 09:44:50,161", "level": "INFO", "message": "Initialized HoneyResolver for domain", "logger": "src.defense.HoneyResolver_Enhanced", "process_id": 27720, "thread_id": 33420, "filename": "HoneyResolver_Enhanced.py", "lineno": 142}
{"timestamp": "2026-01-11 09:44:50,184", "level": "INFO", "message": "Initialized HoneyResolver for domain", "logger": "src.defense.HoneyResolver_Enhanced", "process_id": 27720, "thread_id": 33420, "filename": "HoneyResolver_Enhanced.py", "lineno": 142}
{"timestamp": "2026-01-11 09:44:50,204", "level": "INFO", "message": "Initialized HoneyResolver for domain", "logger": "src.defense.HoneyResolver_Enhanced", "process_id": 27720, "thread_id": 33420, "filename": "HoneyResolver_Enhanced.py", "lineno": 142}
{"timestamp": "2026-01-11 10:15:25,555", "level": "INFO", "message": "Initialized HoneyResolver for domain", "logger": "src.defense.HoneyResolver_Enhanced", "process_id": 23380, "thread_id": 26640, "filename": "HoneyResolver_Enhanced.py", "lineno": 142}
{"timestamp": "2026-01-11 10:15:25,577", "level": "INFO", "message": "Initialized HoneyResolver for domain", "logger": "src.defense.HoneyResolver_Enhanced", "process_id": 23380, "thread_id": 26640, "filename": "HoneyResolver_Enhanced.py", "lineno": 142}
{"timestamp": "2026-01-11 10:15:25,600", "level": "INFO", "message": "Initialized HoneyResolver for domain", "logger": "src.defense.HoneyResolver_Enhanced", "process_id": 23380, "thread_id": 26640, "filename": "HoneyResolver_Enhanced.py", "lineno": 142}
{"timestamp": "2026-01-11 15:07:30,673", "level": "INFO", "message": "Initialized HoneyResolver for domain", "logger": "src.defense.HoneyResolver_Enhanced", "process_id": 14848, "thread_id": 23200, "filename": "HoneyResolver_Enhanced.py", "lineno": 142}
{"timestamp": "2026-01-11 15:07:30,686", "level": "INFO", "message": "Initialized HoneyResolver for domain", "logger": "src.defense.HoneyResolver_Enhanced", "process_id": 14848, "thread_id": 23200, "filename": "HoneyResolver_Enhanced.py", "lineno": 142}
{"timestamp": "2026-01-11 15:07:30,697", "level": "INFO", "message": "Initialized HoneyResolver for domain", "logger": "src.defense.HoneyResolver_Enhanced", "process_id": 14848, "thread_id": 23200, "filename": "HoneyResolver_Enhanced.py", "lineno": 142}
{"timestamp": "2026-01-11 20:34:03,545", "level": "INFO", "message": "Initialized HoneyResolver for domain", "logger": "src.defense.HoneyResolver_Enhanced", "process_id": 2000, "thread_id": 5668, "filename": "HoneyResolver_Enhanced.py", "lineno": 142}
{"timestamp": "2026-01-11 20:34:03,576", "level": "INFO", "message": "Initialized HoneyResolver for domain", "logger": "src.defense.HoneyResolver_Enhanced", "process_id": 2000, "thread_id": 5668, "filename": "HoneyResolver_Enhanced.py", "lineno": 142}
{"timestamp": "2026-01-11 20:34:03,587", "level": "INFO", "message": "Initialized HoneyResolver for domain", "logger": "src.defense.HoneyResolver_Enhanced", "process_id": 2000, "thread_id": 5668, "filename": "HoneyResolver_Enhanced.py", "lineno": 142}
{"timestamp": "2026-01-12 10:13:18,356", "level": "INFO", "message": "Initialized HoneyResolver for domain", "logger": "src.defense.HoneyResolver_Enhanced", "process_id": 21156, "thread_id": 24324, "filename": "HoneyResolver_Enhanced.py", "lineno": 142}
{"timestamp": "2026-01-12 10:13:18,398", "level": "INFO", "message": "Initialized HoneyResolver for domain", "logger": "src.defense.HoneyResolver_Enhanced", "process_id": 21156, "thread_id": 24324, "filename": "HoneyResolver_Enhanced.py", "lineno": 142}
{"timestamp": "2026-01-12 10:13:18,418", "level": "INFO", "message": "Initialized HoneyResolver for domain", "logger": "src.defense.HoneyResolver_Enhanced", "process_id": 21156, "thread_id": 24324, "filename": "HoneyResolver_Enhanced.py", "lineno": 142}
{"timestamp": "2026-01-12 10:18:12,636", "level": "INFO", "message": "Initialized HoneyResolver for domain", "logger": "src.defense.HoneyResolver_Enhanced", "process_id": 21684, "thread_id": 4480, "filename": "HoneyResolver_Enhanced.py", "lineno": 142}
{"timestamp": "2026-01-12 10:18:12,649", "level": "INFO", "message": "Initialized HoneyResolver for domain", "logger": "src.defense.HoneyResolver_Enhanced", "process_id": 21684, "thread_id": 4480, "filename": "HoneyResolver_Enhanced.py", "lineno": 142}
{"timestamp": "2026-01-12 10:18:12,787", "level": "INFO", "message": "Initialized HoneyResolver for domain", "logger": "src.defense.HoneyResolver_Enhanced", "process_id": 21684, "thread_id": 4480, "filename": "HoneyResolver_Enhanced.py", "lineno": 142}
{"timestamp": "2026-01-12 10:18:12,788", "level": "DEBUG", "message": "Received 33 bytes from 127.0.0.1", "logger": "src.defense.HoneyResolver_Enhanced", "process_id": 21684, "thread_id": 4480, "filename": "HoneyResolver_Enhanced.py", "lineno": 163}
{"timestamp": "2026-01-12 10:18:12,789", "level": "INFO", "message": "DNS Query received", "logger": "src.defense.HoneyResolver_Enhanced", "process_id": 21684, "thread_id": 4480, "filename": "HoneyResolver_Enhanced.py", "lineno": 189, "client_ip": "127.0.0.1", "qname": "www.example.com.", "qtype": "A", "response_ip": "192.0.2.1", "category": "real", "rd_flag": 1, "qclass": "IN"}
{"timestamp": "2026-01-12 10:19:14,900", "level": "INFO", "message": "Initialized HoneyResolver for domain", "logger": "src.defense.HoneyResolver_Enhanced", "process_id": 18336, "thread_id": 360, "filename": "HoneyResolver_Enhanced.py", "lineno": 142}
{"timestamp": "2026-01-12 10:19:14,910", "level": "INFO", "message": "Initialized HoneyResolver for domain", "logger": "src.defense.HoneyResolver_Enhanced", "process_id": 18336, "thread_id": 360, "filename": "HoneyResolver_Enhanced.py", "lineno": 142}
{"timestamp": "2026-01-12 10:19:14,916", "level": "INFO", "message": "Initialized HoneyResolver for domain", "logger": "src.defense.HoneyResolver_Enhanced", "process_id": 18336, "thread_id": 360, "filename": "HoneyResolver_Enhanced.py", "lineno": 142}
{"timestamp": "2026-01-12 10:19:14,916", "level": "DEBUG", "message": "Received 33 bytes from 127.0.0.1", "logger": "src.defense.HoneyResolver_Enhanced", "process_id": 18336, "thread_id": 360, "filename": "HoneyResolver_Enhanced.py", "lineno": 163}
{"timestamp": "2026-01-12 10:19:14,917", "level": "INFO", "message": "DNS Query received", "logger": "src.defense.HoneyResolver_Enhanced", "process_id": 18336, "thread_id": 360, "filename": "HoneyResolver_Enhanced.py", "lineno": 189, "client_ip": "127.0.0.1", "qname": "www.example.com.", "qtype": "A", "response_ip": "192.0.2.1", "category": "real", "rd_flag": 1, "qclass": "IN"}
{"timestamp": "2026-01-12 10:20:10,724", "level": "INFO", "message": "Initialized HoneyResolver for domain", "logger": "src.defense.HoneyResolver_Enhanced", "process_id": 23032, "thread_id": 15608, "filename": "HoneyResolver_Enhanced.py", "lineno": 142}
{"timestamp": "2026-01-12 10:20:10,737", "level": "INFO", "message": "Initialized HoneyResolver for domain", "logger": "src.defense.HoneyResolver_Enhanced", "process_id": 23032, "thread_id": 15608, "filename": "HoneyResolver_Enhanced.py", "lineno": 142}
{"timestamp": "2026-01-12 10:20:10,743", "level": "INFO", "message": "Initialized HoneyResolver for domain", "logger": "src.defense.HoneyResolver_Enhanced", "process_id": 23032, "thread_id": 15608, "filename": "HoneyResolver_Enhanced.py", "lineno": 142}
{"timestamp": "2026-01-12 10:20:10,744", "level": "DEBUG", "message": "Received 33 bytes from 127.0.0.1", "logger": "src.defense.HoneyResolver_Enhanced", "process_id": 23032, "thread_id": 15608, "filename": "HoneyResolver_Enhanced.py", "lineno": 163}
{"timestamp": "2026-01-12 10:20:10,744", "level": "INFO", "message": "DNS Query received", "logger": "src.defense.HoneyResolver_Enhanced", "process_id": 23032, "thread_id": 15608, "filename": "HoneyResolver_Enhanced.py", "lineno": 189, "client_ip": "127.0.0.1", "qname": "www.example.com.", "qtype": "A", "response_ip": "192.0.2.1", "category": "real", "rd_flag": 1, "qclass": "IN"}
{"timestamp": "2026-01-12 10:21:05,723", "level": "INFO", "message": "Initialized HoneyResolver for domain", "logger": "src.defense.HoneyResolver_Enhanced", "process_id": 2568, "thread_id": 18976, "filename": "HoneyResolver_Enhanced.py", "lineno": 142}
{"timestamp": "2026-01-12 10:21:05,740", "level": "INFO", "message": "Initialized HoneyResolver for domain", "logger": "src.defense.HoneyResolver_Enhanced", "process_id": 2568, "thread_id": 18976, "filename": "HoneyResolver_Enhanced.py", "lineno": 142}
{"timestamp": "2026-01-12 10:21:05,746", "level": "INFO", "message": "Initialized HoneyResolver for domain", "logger": "src.defense.HoneyResolver_Enhanced", "process_id": 2568, "thread_id": 18976, "filename": "HoneyResolver_Enhanced.py", "lineno": 142}
{"timestamp": "2026-01-12 10:21:05,747", "level": "DEBUG", "message": "Received 33 bytes from 127.0.0.1", "logger": "src.defense.HoneyResolver_Enhanced", "process_id": 2568, "thread_id": 18976, "filename": "HoneyResolver_Enhanced.py", "lineno": 163}
{"timestamp": "2026-01-12 10:21:05,747", "level": "INFO", "message": "DNS Query received", "logger": "src.defense.HoneyResolver_Enhanced", "process_id": 2568, "thread_id": 18976, "filename": "HoneyResolver_Enhanced.py", "lineno": 189, "client_ip": "127.0.0.1", "qname": "www.example.com.", "qtype": "A", "response_ip": "192.0.2.1", "category": "real", "rd_flag": 1, "qclass": "IN"}
{"timestamp": "2026-01-12 10:22:27,145", "level": "INFO", "message": "Initialized HoneyResolver for domain", "logger": "src.defense.HoneyResolver_Enhanced", "process_id": 5700, "thread_id": 1860, "filename": "HoneyResolver_Enhanced.py", "lineno": 142}
{"timestamp": "2026-01-12 10:22:27,155", "level": "INFO", "message": "Initialized HoneyResolver for domain", "logger": "src.defense.HoneyResolver_Enhanced", "process_id": 5700, "thread_id": 1860, "filename": "HoneyResolver_Enhanced.py", "lineno": 142}
{"timestamp": "2026-01-12 10:22:27,163", "level": "INFO", "message": "Initialized HoneyResolver for domain", "logger": "src.defense.HoneyResolver_Enhanced", "process_id": 5700, "thread_id": 1860, "filename": "HoneyResolver_Enhanced.py", "lineno": 142}
{"timestamp": "2026-01-12 10:22:27,164", "level": "DEBUG", "message": "Received 33 bytes from 127.0.0.1", "logger": "src.defense.HoneyResolver_Enhanced", "process_id": 5700, "thread_id": 1860, "filename": "HoneyResolver_Enhanced.py", "lineno": 163}
{"timestamp": "2026-01-12 10:22:27,165", "level": "INFO", "message": "DNS Query received", "logger": "src.defense.HoneyResolver_Enhanced", "process_id": 5700, "thread_id": 1860, "filename": "HoneyResolver_Enhanced.py", "lineno": 189, "client_ip": "127.0.0.1", "qname": "www.example.com.", "qtype": "A", "response_ip": "192.0.2.1", "category": "real", "rd_flag": 1, "qclass": "IN"}
{"timestamp": "2026-01-12 10:23:25,129", "level": "INFO", "message": "Initialized HoneyResolver for domain", "logger": "src.defense.HoneyResolver_Enhanced", "process_id": 24212, "thread_id": 20360, "filename": "HoneyResolver_Enhanced.py", "lineno": 142}
{"timestamp": "2026-01-12 10:23:25,146", "level": "INFO", "message": "Initialized HoneyResolver for domain", "logger": "src.defense.HoneyResolver_Enhanced", "process_id": 24212, "thread_id": 20360, "filename": "HoneyResolver_Enhanced.py", "lineno": 142}
{"timestamp": "2026-01-12 10:23:25,152", "level": "INFO", "message": "Initialized HoneyResolver for domain", "logger": "src.defense.HoneyResolver_Enhanced", "process_id": 24212, "thread_id": 20360, "filename": "HoneyResolver_Enhanced.py", "lineno": 142}
{"timestamp": "2026-01-12 10:23:25,153", "level": "DEBUG", "message": "Received 33 bytes from 127.0.0.1", "logger": "src.defense.HoneyResolver_Enhanced", "process_id": 24212, "thread_id": 20360, "filename": "HoneyResolver_Enhanced.py", "lineno": 163}
{"timestamp": "2026-01-12 10:23:25,153", "level": "INFO", "message": "DNS Query received", "logger": "src.defense.HoneyResolver_Enhanced", "process_id": 24212, "thread_id": 20360, "filename": "HoneyResolver_Enhanced.py", "lineno": 189, "client_ip": "127.0.0.1", "qname": "www.example.com.", "qtype": "A", "response_ip": "192.0.2.1", "category": "real", "rd_flag": 1, "qclass": "IN"}
{"timestamp": "2026-01-12 10:24:11,535", "level": "INFO", "message": "Initialized HoneyResolver for domain", "logger": "src.defense.HoneyResolver_Enhanced", "process_id": 21312, "thread_id": 22824, "filename": "HoneyResolver_Enhanced.py", "lineno": 142}
{"timestamp": "2026-01-12 10:24:11,543", "level": "INFO", "message": "Initialized HoneyResolver for domain", "logger": "src.defense.HoneyResolver_Enhanced", "process_id": 21312, "thread_id": 22824, "filename": "HoneyResolver_Enhanced.py", "lineno": 142}
{"timestamp": "2026-01-12 10:24:11,551", "level": "INFO", "message": "Initialized HoneyResolver for domain", "logger": "src.defense.HoneyResolver_Enhanced", "process_id": 21312, "thread_id": 22824, "filename": "HoneyResolver_Enhanced.py", "lineno": 142}
{"timestamp": "2026-01-12 10:24:11,552", "level": "DEBUG", "message": "Received 33 bytes from 127.0.0.1", "logger": "src.defense.HoneyResolver_Enhanced", "process_id": 21312, "thread_id": 22824, "filename": "HoneyResolver_Enhanced.py", "lineno": 163}
{"timestamp": "2026-01-12 10:24:11,552", "level": "INFO", "message": "DNS Query received", "logger": "src.defense.HoneyResolver_Enhanced", "process_id": 21312, "thread_id": 22824, "filename": "HoneyResolver_Enhanced.py", "lineno": 189, "client_ip": "127.0.0.1", "qname": "www.example.com.", "qtype": "A", "response_ip": "192.0.2.1", "category": "real", "rd_flag": 1, "qclass": "IN"}
{"timestamp": "2026-01-12 10:26:40,788", "level": "INFO", "message": "Initialized HoneyResolver for domain", "logger": "src.defense.HoneyResolver_Enhanced", "process_id": 15816, "thread_id": 8332, "filename": "HoneyResolver_Enhanced.py", "lineno": 142}
{"timestamp": "2026-01-12 10:26:40,804", "level": "INFO", "message": "Initialized HoneyResolver for domain", "logger": "src.defense.HoneyResolver_Enhanced", "process_id": 15816, "thread_id": 8332, "filename": "HoneyResolver_Enhanced.py", "lineno": 142}
{"timestamp": "2026-01-12 10:26:40,812", "level": "INFO", "message": "Initialized HoneyResolver for domain", "logger": "src.defense.HoneyResolver_Enhanced", "process_id": 15816, "thread_id": 8332, "filename": "HoneyResolver_Enhanced.py", "lineno": 142}
{"timestamp": "2026-01-12 10:26:40,813", "level": "DEBUG", "message": "Received 33 bytes from 127.0.0.1", "logger": "src.defense.HoneyResolver_Enhanced", "process_id": 15816, "thread_id": 8332, "filename": "HoneyResolver_Enhanced.py", "lineno": 163}
{"timestamp": "2026-01-12 10:26:40,814", "level": "INFO", "message": "DNS Query received", "logger": "src.defense.HoneyResolver_Enhanced", "process_id": 15816, "thread_id": 8332, "filename": "HoneyResolver_Enhanced.py", "lineno": 189, "client_ip": "127.0.0.1", "qname": "www.example.com.", "qtype": "A", "response_ip": "192.0.2.1", "category": "real", "rd_flag": 1, "qclass": "IN"}
{"timestamp": "2026-01-12 10:28:03,940", "level": "INFO", "message": "Initialized HoneyResolver for domain", "logger": "src.defense.HoneyResolver_Enhanced", "process_id": 11152, "thread_id": 11408, "filename": "HoneyResolver_Enhanced.py", "lineno": 142}
{"timestamp": "2026-01-12 10:28:03,954", "level": "INFO", "message": "Initialized HoneyResolver for domain", "logger": "src.defense.HoneyResolver_Enhanced", "process_id": 11152, "thread_id": 11408, "filename": "HoneyResolver_Enhanced.py", "lineno": 142}
{"timestamp": "2026-01-12 10:28:03,961", "level": "INFO", "message": "Initialized HoneyResolver for domain", "logger": "src.defense.HoneyResolver_Enhanced", "process_id": 11152, "thread_id": 11408, "filename": "HoneyResolver_Enhanced.py", "lineno": 142}
{"timestamp": "2026-01-12 10:28:03,962", "level": "DEBUG", "message": "Received 33 bytes from 127.0.0.1", "logger": "src.defense.HoneyResolver_Enhanced", "process_id": 11152, "thread_id": 11408, "filename": "HoneyResolver_Enhanced.py", "lineno": 163}
{"timestamp": "2026-01-12 10:28:03,962", "level": "INFO", "message": "DNS Query received", "logger": "src.defense.HoneyResolver_Enhanced", "process_id": 11152, "thread_id": 11408, "filename": "HoneyResolver_Enhanced.py", "lineno": 189, "client_ip": "127.0.0.1", "qname": "www.example.com.", "qtype": "A", "response_ip": "192.0.2.1", "category": "real", "rd_flag": 1, "qclass": "IN"}
{"timestamp": "2026-01-15 10:28:06,141", "level": "INFO", "message": "Initialized HoneyResolver for domain", "logger": "src.defense.HoneyResolver_Enhanced", "process_id": 1660, "thread_id": 8276, "filename": "HoneyResolver_Enhanced.py", "lineno": 142}
{"timestamp": "2026-01-15 10:28:06,148", "level": "INFO", "message": "Initialized HoneyResolver for domain", "logger": "src.defense.HoneyResolver_Enhanced", "process_id": 1660, "thread_id": 8276, "filename": "HoneyResolver_Enhanced.py", "lineno": 142}
{"timestamp": "2026-01-15 10:28:06,151", "level": "INFO", "message": "Initialized HoneyResolver for domain", "logger": "src.defense.HoneyResolver_Enhanced", "process_id": 1660, "thread_id": 8276, "filename": "HoneyResolver_Enhanced.py", "lineno": 142}
{"timestamp": "2026-01-15 10:28:06,152", "level": "DEBUG", "message": "Received 33 bytes from 127.0.0.1", "logger": "src.defense.HoneyResolver_Enhanced", "process_id": 1660, "thread_id": 8276, "filename": "HoneyResolver_Enhanced.py", "lineno": 163}
{"timestamp": "2026-01-15 10:28:06,152", "level": "INFO", "message": "DNS Query received", "logger": "src.defense.HoneyResolver_Enhanced", "process_id": 1660, "thread_id": 8276, "filename": "HoneyResolver_Enhanced.py", "lineno": 189, "client_ip": "127.0.0.1", "qname": "www.example.com.", "qtype": "A", "response_ip": "192.0.2.1", "category": "real", "rd_flag": 1, "qclass": "IN"}
{"timestamp": "2026-01-15 10:29:55,830", "level": "INFO", "message": "Initialized HoneyResolver for domain", "logger": "src.defense.HoneyResolver_Enhanced", "process_id": 2424, "thread_id": 11340, "filename": "HoneyResolver_Enhanced.py", "lineno": 142}
{"timestamp": "2026-01-15 10:29:55,835", "level": "INFO", "message": "Initialized HoneyResolver for domain", "logger": "src.defense.HoneyResolver_Enhanced", "process_id": 2424, "thread_id": 11340, "filename": "HoneyResolver_Enhanced.py", "lineno": 142}
{"timestamp": "2026-01-15 10:29:55,839", "level": "INFO", "message": "Initialized HoneyResolver for domain", "logger": "src.defense.HoneyResolver_Enhanced", "process_id": 2424, "thread_id": 11340, "filename": "HoneyResolver_Enhanced.py", "lineno": 142}
{"timestamp": "2026-01-15 10:29:55,839", "level": "DEBUG", "message": "Received 33 bytes from 127.0.0.1", "logger": "src.defense.HoneyResolver_Enhanced", "process_id": 2424, "thread_id": 11340, "filename": "HoneyResolver_Enhanced.py", "lineno": 163}
{"timestamp": "2026-01-15 10:29:55,840", "level": "INFO", "message": "DNS Query received", "logger": "src.defense.HoneyResolver_Enhanced", "process_id": 2424, "thread_id": 11340, "filename": "HoneyResolver_Enhanced.py", "lineno": 189, "client_ip": "127.0.0.1", "qname": "www.example.com.", "qtype": "A", "response_ip": "192.0.2.1", "category": "real", "rd_flag": 1, "qclass": "IN"}
